<?xml version="1.0" encoding="UTF-8"?>
<testsuite xmlns:xsi="http://www.w3.org/2001/XMLSchema-instance" xsi:noNamespaceSchemaLocation="https://maven.apache.org/surefire/maven-surefire-plugin/xsd/surefire-test-report-3.0.xsd" version="3.0" name="TestSuite" time="693.12" tests="5" errors="0" skipped="0" failures="4">
  <properties>
[...]
</properties>
  <testcase name="Mi_DT_Test_Roles_Dirigente_Sindical" classname="Tests.MI_DT_tests" time="41.668">
    <failure message=" expected [Indica que OrganizaciÃ³n Sindical vas a seleccionar] but found [La pÃ¡gina no se encontro]" type="java.lang.AssertionError"><![CDATA[java.lang.AssertionError:  expected [Indica que OrganizaciÃ³n Sindical vas a seleccionar] but found [La pÃ¡gina no se encontro]
	at Tests.MI_DT_tests.Mi_DT_Test_Roles_Dirigente_Sindical(MI_DT_tests.java:53)
]]></failure>
    <system-out><![CDATA[El parametro: browser contiene el valor: chrome
El parametro: headless contiene el valor: true
Setup Pruebas
El parametro: url contiene el valor: https://www.dt.gob.cl/portal/1626/w3-channel.html
El parametro: user contiene el valor: 18580616-2
El parametro: password contiene el valor: Barbatos123!
El parametro: host contiene el valor: midt.dirtrab.cl
Se envia el texto: 18580616-2 al Objecto: By.id: uname
Se envia el texto: Barbatos123! al Objecto: By.id: pword

]]></system-out>
    <system-err><![CDATA[SLF4J: Failed to load class "org.slf4j.impl.StaticLoggerBinder".
SLF4J: Defaulting to no-operation (NOP) logger implementation
SLF4J: See http://www.slf4j.org/codes.html#StaticLoggerBinder for further details.
Starting ChromeDriver 96.0.4664.45 (76e4c1bb2ab4671b8beba3444e61c0f17584b2fc-refs/branch-heads/4664@{#947}) on port 5088
Only local connections are allowed.
Please see https://chromedriver.chromium.org/security-considerations for suggestions on keeping ChromeDriver safe.
ChromeDriver was started successfully.
dic 03, 2021 4:37:48 PM org.openqa.selenium.remote.ProtocolHandshake createSession
INFORMACIÓN: Detected dialect: W3C
]]></system-err>
  </testcase>
  <testcase name="Mi_DT_Test_Roles_Empleador" classname="Tests.MI_DT_tests" time="222.494">
    <failure message="Expected condition failed: waiting for element to be clickable: By.xpath: //div[@class=&apos;title accordion-title&apos; and text()=&apos;Empleador Persona JurÃ­dica&apos;] (tried for 30 second(s) with 500 milliseconds interval)" type="org.openqa.selenium.TimeoutException"><![CDATA[org.openqa.selenium.TimeoutException: Expected condition failed: waiting for element to be clickable: By.xpath: //div[@class='title accordion-title' and text()='Empleador Persona JurÃ­dica'] (tried for 30 second(s) with 500 milliseconds interval)
	at Tests.MI_DT_tests.Mi_DT_Test_Roles_Empleador(MI_DT_tests.java:39)
Caused by: org.openqa.selenium.NoSuchElementException: 
no such element: Unable to locate element: {"method":"xpath","selector":"//div[@class='title accordion-title' and text()='Empleador Persona JurÃ­dica']"}
  (Session info: headless chrome=96.0.4664.45)
For documentation on this error, please visit: https://www.seleniumhq.org/exceptions/no_such_element.html
Build info: version: '3.141.59', revision: 'e82be7d358', time: '2018-11-14T08:17:03'
System info: host: 'DESKTOP-PSAJ7GT', ip: '192.168.86.53', os.name: 'Windows 10', os.arch: 'amd64', os.version: '10.0', java.version: '1.8.0_241'
Driver info: org.openqa.selenium.chrome.ChromeDriver
Capabilities {acceptInsecureCerts: false, browserName: chrome, browserVersion: 96.0.4664.45, chrome: {chromedriverVersion: 96.0.4664.45 (76e4c1bb2ab46..., userDataDir: C:\temp\scoped_dir41284_157...}, goog:chromeOptions: {debuggerAddress: localhost:52455}, javascriptEnabled: true, networkConnectionEnabled: false, pageLoadStrategy: normal, platform: WINDOWS, platformName: WINDOWS, proxy: Proxy(), setWindowRect: true, strictFileInteractability: false, timeouts: {implicit: 0, pageLoad: 300000, script: 30000}, unhandledPromptBehavior: dismiss and notify, webauthn:extension:credBlob: true, webauthn:extension:largeBlob: true, webauthn:virtualAuthenticators: true}
Session ID: 2ece82bd35c73ea9437769d23628d3c2
*** Element info: {Using=xpath, value=//div[@class='title accordion-title' and text()='Empleador Persona JurÃ­dica']}
	at Tests.MI_DT_tests.Mi_DT_Test_Roles_Empleador(MI_DT_tests.java:39)
]]></failure>
    <system-out><![CDATA[Fin de pruebas
El parametro: browser contiene el valor: chrome
El parametro: headless contiene el valor: true
Setup Pruebas
El parametro: url contiene el valor: https://www.dt.gob.cl/portal/1626/w3-channel.html
El parametro: user contiene el valor: 18580616-2
El parametro: password contiene el valor: Barbatos123!
El parametro: host contiene el valor: midt.dirtrab.cl
Se envia el texto: 18580616-2 al Objecto: By.id: uname
Se envia el texto: Barbatos123! al Objecto: By.id: pword
]]></system-out>
    <system-err><![CDATA[Starting ChromeDriver 96.0.4664.45 (76e4c1bb2ab4671b8beba3444e61c0f17584b2fc-refs/branch-heads/4664@{#947}) on port 24363
Only local connections are allowed.
Please see https://chromedriver.chromium.org/security-considerations for suggestions on keeping ChromeDriver safe.
ChromeDriver was started successfully.
dic 03, 2021 4:38:32 PM org.openqa.selenium.remote.ProtocolHandshake createSession
INFORMACIÓN: Detected dialect: W3C
]]></system-err>
  </testcase>
  <testcase name="Mi_DT_Test_Roles_Manual_De_Usuario" classname="Tests.MI_DT_tests" time="197.988">
    <failure message="Expected condition failed: waiting for element to be clickable: By.xpath: //div[@id=&apos;roles-right-panel&apos;]/div[@class=&apos;fadeIn&apos;]/div[contains(@class, &apos;ui&apos;)]/button[contains(@class, &apos;small&apos;)] (tried for 30 second(s) with 500 milliseconds interval)" type="org.openqa.selenium.TimeoutException"><![CDATA[org.openqa.selenium.TimeoutException: Expected condition failed: waiting for element to be clickable: By.xpath: //div[@id='roles-right-panel']/div[@class='fadeIn']/div[contains(@class, 'ui')]/button[contains(@class, 'small')] (tried for 30 second(s) with 500 milliseconds interval)
	at Tests.MI_DT_tests.Mi_DT_Test_Roles_Manual_De_Usuario(MI_DT_tests.java:64)
Caused by: org.openqa.selenium.NoSuchElementException: 
no such element: Unable to locate element: {"method":"xpath","selector":"//div[@id='roles-right-panel']/div[@class='fadeIn']/div[contains(@class, 'ui')]/button[contains(@class, 'small')]"}
  (Session info: headless chrome=96.0.4664.45)
For documentation on this error, please visit: https://www.seleniumhq.org/exceptions/no_such_element.html
Build info: version: '3.141.59', revision: 'e82be7d358', time: '2018-11-14T08:17:03'
System info: host: 'DESKTOP-PSAJ7GT', ip: '192.168.86.53', os.name: 'Windows 10', os.arch: 'amd64', os.version: '10.0', java.version: '1.8.0_241'
Driver info: org.openqa.selenium.chrome.ChromeDriver
Capabilities {acceptInsecureCerts: false, browserName: chrome, browserVersion: 96.0.4664.45, chrome: {chromedriverVersion: 96.0.4664.45 (76e4c1bb2ab46..., userDataDir: C:\temp\scoped_dir28016_118...}, goog:chromeOptions: {debuggerAddress: localhost:64532}, javascriptEnabled: true, networkConnectionEnabled: false, pageLoadStrategy: normal, platform: WINDOWS, platformName: WINDOWS, proxy: Proxy(), setWindowRect: true, strictFileInteractability: false, timeouts: {implicit: 0, pageLoad: 300000, script: 30000}, unhandledPromptBehavior: dismiss and notify, webauthn:extension:credBlob: true, webauthn:extension:largeBlob: true, webauthn:virtualAuthenticators: true}
Session ID: c912c9e674721c7fe579d7d3e81a8268
*** Element info: {Using=xpath, value=//div[@id='roles-right-panel']/div[@class='fadeIn']/div[contains(@class, 'ui')]/button[contains(@class, 'small')]}
	at Tests.MI_DT_tests.Mi_DT_Test_Roles_Manual_De_Usuario(MI_DT_tests.java:64)
]]></failure>
    <system-out><![CDATA[Fin de pruebas
El parametro: browser contiene el valor: chrome
El parametro: headless contiene el valor: true
Setup Pruebas
El parametro: url contiene el valor: https://www.dt.gob.cl/portal/1626/w3-channel.html
El parametro: user contiene el valor: 18580616-2
El parametro: password contiene el valor: Barbatos123!
El parametro: host contiene el valor: midt.dirtrab.cl
Se envia el texto: 18580616-2 al Objecto: By.id: uname
Se envia el texto: Barbatos123! al Objecto: By.id: pword
CDwindow-FC5243D6A05E6CD997CEDE57844A73E4
]]></system-out>
    <system-err><![CDATA[Starting ChromeDriver 96.0.4664.45 (76e4c1bb2ab4671b8beba3444e61c0f17584b2fc-refs/branch-heads/4664@{#947}) on port 13078
Only local connections are allowed.
Please see https://chromedriver.chromium.org/security-considerations for suggestions on keeping ChromeDriver safe.
ChromeDriver was started successfully.
dic 03, 2021 4:42:16 PM org.openqa.selenium.remote.ProtocolHandshake createSession
INFORMACIÓN: Detected dialect: W3C
]]></system-err>
  </testcase>
  <testcase name="Mi_DT_Test_Roles_Trabajador" classname="Tests.MI_DT_tests" time="197.69">
    <failure message="Expected condition failed: waiting for element to be clickable: By.id: btn-trabajador (tried for 30 second(s) with 500 milliseconds interval)" type="org.openqa.selenium.TimeoutException"><![CDATA[org.openqa.selenium.TimeoutException: Expected condition failed: waiting for element to be clickable: By.id: btn-trabajador (tried for 30 second(s) with 500 milliseconds interval)
	at Tests.MI_DT_tests.Mi_DT_Test_Roles_Trabajador(MI_DT_tests.java:28)
Caused by: org.openqa.selenium.NoSuchElementException: 
no such element: Unable to locate element: {"method":"css selector","selector":"#btn\-trabajador"}
  (Session info: headless chrome=96.0.4664.45)
For documentation on this error, please visit: https://www.seleniumhq.org/exceptions/no_such_element.html
Build info: version: '3.141.59', revision: 'e82be7d358', time: '2018-11-14T08:17:03'
System info: host: 'DESKTOP-PSAJ7GT', ip: '192.168.86.53', os.name: 'Windows 10', os.arch: 'amd64', os.version: '10.0', java.version: '1.8.0_241'
Driver info: org.openqa.selenium.chrome.ChromeDriver
Capabilities {acceptInsecureCerts: false, browserName: chrome, browserVersion: 96.0.4664.45, chrome: {chromedriverVersion: 96.0.4664.45 (76e4c1bb2ab46..., userDataDir: C:\temp\scoped_dir47176_193...}, goog:chromeOptions: {debuggerAddress: localhost:60873}, javascriptEnabled: true, networkConnectionEnabled: false, pageLoadStrategy: normal, platform: WINDOWS, platformName: WINDOWS, proxy: Proxy(), setWindowRect: true, strictFileInteractability: false, timeouts: {implicit: 0, pageLoad: 300000, script: 30000}, unhandledPromptBehavior: dismiss and notify, webauthn:extension:credBlob: true, webauthn:extension:largeBlob: true, webauthn:virtualAuthenticators: true}
Session ID: b311c01f66d7d5f25c1a14bae4cc60fe
*** Element info: {Using=id, value=btn-trabajador}
	at Tests.MI_DT_tests.Mi_DT_Test_Roles_Trabajador(MI_DT_tests.java:28)
]]></failure>
    <system-out><![CDATA[Fin de pruebas
El parametro: browser contiene el valor: chrome
El parametro: headless contiene el valor: true
Setup Pruebas
El parametro: url contiene el valor: https://www.dt.gob.cl/portal/1626/w3-channel.html
El parametro: user contiene el valor: 18580616-2
El parametro: password contiene el valor: Barbatos123!
El parametro: host contiene el valor: midt.dirtrab.cl
Se envia el texto: 18580616-2 al Objecto: By.id: uname
Se envia el texto: Barbatos123! al Objecto: By.id: pword
]]></system-out>
    <system-err><![CDATA[Starting ChromeDriver 96.0.4664.45 (76e4c1bb2ab4671b8beba3444e61c0f17584b2fc-refs/branch-heads/4664@{#947}) on port 2067
Only local connections are allowed.
Please see https://chromedriver.chromium.org/security-considerations for suggestions on keeping ChromeDriver safe.
ChromeDriver was started successfully.
dic 03, 2021 4:45:36 PM org.openqa.selenium.remote.ProtocolHandshake createSession
INFORMACIÓN: Detected dialect: W3C
]]></system-err>
  </testcase>
  <testcase name="Mi_DT_Test_Roles_Verificador_De_Documentos" classname="Tests.MI_DT_tests" time="22.941"/>
</testsuite>